ď»ż
> landing_page_stelkbook@0.1.0 build
> next build

node.exe : Î“ĂśĂˇ 
`eslint` configuration 
in next.config.ts is 
no longer supported. 
See more info here: htt
ps://nextjs.org/docs/ap
p/api-reference/cli/nex
t#next-lint-options
At line:1 char:1
+ & "C:\Program 
Files\nodejs/node.exe" 
"C:\Program 
Files\nodejs/node_mo 
...
+ ~~~~~~~~~~~~~~~~~~~~~
~~~~~~~~~~~~~~~~~~~~~~~
~~~~~~~~~~~~~~~~~~~~~~~
~~
    + CategoryInfo     
         : NotSpecifi  
  ed: (Î“ĂśĂˇ `eslint`    
 co...xt-lint-optio    
ns:String) [], Rem    
oteException
    + FullyQualifiedEr 
   rorId : NativeComm  
  andError
 
Î“ĂśĂˇ Invalid 
next.config.ts options 
detected: 
Î“ĂśĂˇ     Unrecognized 
key(s) in object: 
'eslint'
Î“ĂśĂˇ See more info 
here: https://nextjs.or
g/docs/messages/invalid
-next-config
Î“Ă»â–“ Next.js 16.1.6 (Turbopack)
- Environments: .env.local

  Creating an optimized production build ...
Î“ÂŁĂ´ Compiled successfully in 11.0s
  Skipping validation of types
  Collecting page data using 23 workers ...
  Generating static pages using 23 workers (0/542) ...
Warning: Please use the `legacy` build in Node.js environments.
Warning: Please use the `legacy` build in Node.js environments.
Warning: Please use the `legacy` build in Node.js environments.
Warning: Please use the `legacy` build in Node.js environments.
Warning: Please use the `legacy` build in Node.js environments.
Warning: Please use the `legacy` build in Node.js environments.
Warning: Please use the `legacy` build in Node.js environments.
Warning: Please use the `legacy` build in Node.js environments.
  Generating static pages using 23 workers (135/542) 
Warning: Please use the `legacy` build in Node.js environments.
  Generating static pages using 23 workers (270/542) 
  Generating static pages using 23 workers (406/542) 
Î“ÂŁĂ´ Generating static pages using 23 workers (542/542) in 2.0s
  Finalizing page optimization ...

Route (app)
Î“Ă¶Ă® Î“ĂąĂŻ /
Î“Ă¶ÂŁ Î“ĂąĂŻ /_not-found
Î“Ă¶ÂŁ Î“ĂąĂŻ /admin
Î“Ă¶ÂŁ Î“ĂąĂŻ /admin_perpus
Î“Ă¶ÂŁ Î“ĂąĂŻ /admin_perpus/Create_User
Î“Ă¶ÂŁ Î“ĂąĂŻ /admin_perpus/Create_User_Guru_SD
Î“Ă¶ÂŁ Î“ĂąĂŻ /admin_perpus/Create_User_Guru_SMK
Î“Ă¶ÂŁ Î“ĂąĂŻ /admin_perpus/Create_User_Guru_SMP
Î“Ă¶ÂŁ Î“ĂąĂŻ /admin_perpus/Create_User_Perpus
Î“Ă¶ÂŁ Î“ĂąĂŻ /admin_perpus/Create_User_Siswa_SD
Î“Ă¶ÂŁ Î“ĂąĂŻ /admin_perpus/Create_User_Siswa_SMK
Î“Ă¶ÂŁ Î“ĂąĂŻ /admin_perpus/Create_User_Siswa_SMP
Î“Ă¶ÂŁ Î“ĂąĂŻ /admin_perpus/Data_Guru
Î“Ă¶ÂŁ Î“ĂąĂŻ /admin_perpus/Data_Guru/Edit_user_guru
Î“Ă¶ÂŁ Î“ĂąĂŻ /admin_perpus/Data_perpus
Î“Ă¶ÂŁ Î“ĂąĂŻ /admin_perpus/Data_perpus/Edit_user_perpus
Î“Ă¶ÂŁ Î“ĂąĂŻ /admin_perpus/Data_Siswa
Î“Ă¶ÂŁ Î“ĂąĂŻ /admin_perpus/Data_Siswa/Edit_user
Î“Ă¶ÂŁ Î“ĂąĂŻ /admin_perpus/Sekolah_Guru
Î“Ă¶ÂŁ Î“ĂąĂŻ /admin_perpus/Sekolah_Guru/Data_SD
Î“Ă¶ÂŁ Î“ĂąĂŻ /admin_perpus/Sekolah_Guru/Data_SD/Edit_user
Î“Ă¶ÂŁ Î“ĂąĂŻ /admin_perpus/Sekolah_Guru/Data_SMK
Î“Ă¶ÂŁ Î“ĂąĂŻ /admin_perpus/Sekolah_Guru/Data_SMK/Edit_user
Î“Ă¶ÂŁ Î“ĂąĂŻ /admin_perpus/Sekolah_Guru/Data_SMP
Î“Ă¶ÂŁ Î“ĂąĂŻ /admin_perpus/Sekolah_Guru/Data_SMP/Edit_user
Î“Ă¶ÂŁ Î“ĂąĂŻ /admin_perpus/Sekolah_Siswa
Î“Ă¶ÂŁ Î“ĂąĂŻ /admin_perpus/Sekolah_Siswa/Data_SD
Î“Ă¶ÂŁ Î“ĂąĂŻ /admin_perpus/Sekolah_Siswa/Data_SD/Edit_user
Î“Ă¶ÂŁ Î“ĂąĂŻ /admin_perpus/Sekolah_Siswa/Data_SMK
Î“Ă¶ÂŁ Î“ĂąĂŻ /admin_perpus/Sekolah_Siswa/Data_SMK/Edit_user
Î“Ă¶ÂŁ Î“ĂąĂŻ /admin_perpus/Sekolah_Siswa/Data_SMP
Î“Ă¶ÂŁ Î“ĂąĂŻ /admin_perpus/Sekolah_Siswa/Data_SMP/Edit_user
Î“Ă¶ÂŁ Î“ĂąĂŻ /admin/Create_User
Î“Ă¶ÂŁ Î“ĂąĂŻ /admin/Create_User_Guru_SD
Î“Ă¶ÂŁ Î“ĂąĂŻ /admin/Create_User_Guru_SMK
Î“Ă¶ÂŁ Î“ĂąĂŻ /admin/Create_User_Guru_SMP
Î“Ă¶ÂŁ Î“ĂąĂŻ /admin/Create_User_Perpus
Î“Ă¶ÂŁ Î“ĂąĂŻ /admin/Create_User_Siswa_SD
Î“Ă¶ÂŁ Î“ĂąĂŻ /admin/Create_User_Siswa_SMK
Î“Ă¶ÂŁ Î“ĂąĂŻ /admin/Create_User_Siswa_SMP
Î“Ă¶ÂŁ Î“ĂąĂŻ /admin/Data_Guru
Î“Ă¶ÂŁ Î“ĂąĂŻ /admin/Data_Guru/Edit_user_guru
Î“Ă¶ÂŁ Î“ĂąĂŻ /admin/Data_perpus
Î“Ă¶ÂŁ Î“ĂąĂŻ /admin/Data_perpus/Edit_user_perpus
Î“Ă¶ÂŁ Î“ĂąĂŻ /admin/Data_Siswa
Î“Ă¶ÂŁ Î“ĂąĂŻ /admin/Data_Siswa/Edit_user
Î“Ă¶ÂŁ Î“ĂąĂŻ /admin/Sekolah_Guru
Î“Ă¶ÂŁ Î“ĂąĂŻ /admin/Sekolah_Guru/Data_SD
Î“Ă¶ÂŁ Î“ĂąĂŻ /admin/Sekolah_Guru/Data_SD/Edit_user
Î“Ă¶ÂŁ Î“ĂąĂŻ /admin/Sekolah_Guru/Data_SMK
Î“Ă¶ÂŁ Î“ĂąĂŻ /admin/Sekolah_Guru/Data_SMK/Edit_user
Î“Ă¶ÂŁ Î“ĂąĂŻ /admin/Sekolah_Guru/Data_SMP
Î“Ă¶ÂŁ Î“ĂąĂŻ /admin/Sekolah_Guru/Data_SMP/Edit_user
Î“Ă¶ÂŁ Î“ĂąĂŻ /admin/Sekolah_Siswa
Î“Ă¶ÂŁ Î“ĂąĂŻ /admin/Sekolah_Siswa/Data_SD
Î“Ă¶ÂŁ Î“ĂąĂŻ /admin/Sekolah_Siswa/Data_SD/Edit_user
Î“Ă¶ÂŁ Î“ĂąĂŻ /admin/Sekolah_Siswa/Data_SMK
Î“Ă¶ÂŁ Î“ĂąĂŻ /admin/Sekolah_Siswa/Data_SMK/Edit_user
Î“Ă¶ÂŁ Î“ĂąĂŻ /admin/Sekolah_Siswa/Data_SMP
Î“Ă¶ÂŁ Î“ĂąĂŻ /admin/Sekolah_Siswa/Data_SMP/Edit_user
Î“Ă¶ÂŁ â•žĂ† /api/pdf/[...path]
Î“Ă¶ÂŁ Î“ĂąĂŻ /Buku_X/BahasaIndonesia_X
Î“Ă¶ÂŁ Î“ĂąĂŻ /Buku_X/BahasaIndonesia_X/Bab_1_Bahasa_Indonesia_X
Î“Ă¶ÂŁ Î“ĂąĂŻ /Buku_X/BahasaIndonesia_X/Bab_2_Bahasa_Indonesia_X
Î“Ă¶ÂŁ Î“ĂąĂŻ /Buku_X/BahasaIndonesia_X/Bab_3_Bahasa_Indonesia_X
Î“Ă¶ÂŁ Î“ĂąĂŻ /Buku_X/BahasaIndonesia_X/Bab_4_Bahasa_Indonesia_X
Î“Ă¶ÂŁ Î“ĂąĂŻ /Buku_X/BahasaIndonesia_X/Bab_5_Bahasa_Indonesia_X
Î“Ă¶ÂŁ Î“ĂąĂŻ /Buku_X/BahasaIndonesia_X/Bab_6_Bahasa_Indonesia_X
Î“Ă¶ÂŁ Î“ĂąĂŻ /Buku_X/BahasaIndonesia_X/Bab_7_Bahasa_Indonesia_X
Î“Ă¶ÂŁ Î“ĂąĂŻ /Buku_X/BahasaIndonesia_X/Bab_8_Bahasa_Indonesia_X
Î“Ă¶ÂŁ Î“ĂąĂŻ /Buku_X/BahasaIndonesia_X/Bab_9_Bahasa_Indonesia_X
Î“Ă¶ÂŁ Î“ĂąĂŻ /Buku_X/Ekonomi_X
Î“Ă¶ÂŁ Î“ĂąĂŻ /Buku_X/Ekonomi_X/Bab_1_Ekonomi_X
Î“Ă¶ÂŁ Î“ĂąĂŻ /Buku_X/Ekonomi_X/Bab_2_Ekonomi_X
Î“Ă¶ÂŁ Î“ĂąĂŻ /Buku_X/Ekonomi_X/Bab_3_Ekonomi_X
Î“Ă¶ÂŁ Î“ĂąĂŻ /Buku_X/Ekonomi_X/Bab_4_Ekonomi_X
Î“Ă¶ÂŁ Î“ĂąĂŻ /Buku_X/Ekonomi_X/Bab_5_Ekonomi_X
Î“Ă¶ÂŁ Î“ĂąĂŻ /Buku_X/Ekonomi_X/Bab_6_Ekonomi_X
Î“Ă¶ÂŁ Î“ĂąĂŻ /Buku_X/Ekonomi_X/Bab_7_Ekonomi_X
Î“Ă¶ÂŁ Î“ĂąĂŻ /Buku_X/Ekonomi_X/Bab_8_Ekonomi_X
Î“Ă¶ÂŁ Î“ĂąĂŻ /Buku_X/Ekonomi_X/Bab_9_Ekonomi_X
Î“Ă¶ÂŁ Î“ĂąĂŻ /Buku_X/Fisika_X
Î“Ă¶ÂŁ Î“ĂąĂŻ /Buku_X/Fisika_X/Bab_1_Fisika_X
Î“Ă¶ÂŁ Î“ĂąĂŻ /Buku_X/Fisika_X/Bab_2_Fisika_X
Î“Ă¶ÂŁ Î“ĂąĂŻ /Buku_X/Fisika_X/Bab_3_Fisika_X
Î“Ă¶ÂŁ Î“ĂąĂŻ /Buku_X/Fisika_X/Bab_4_Fisika_X
Î“Ă¶ÂŁ Î“ĂąĂŻ /Buku_X/Fisika_X/Bab_5_Fisika_X
Î“Ă¶ÂŁ Î“ĂąĂŻ /Buku_X/Fisika_X/Bab_6_Fisika_X
Î“Ă¶ÂŁ Î“ĂąĂŻ /Buku_X/Fisika_X/Bab_7_Fisika_X
Î“Ă¶ÂŁ Î“ĂąĂŻ /Buku_X/Fisika_X/Bab_8_Fisika_X
Î“Ă¶ÂŁ Î“ĂąĂŻ /Buku_X/Fisika_X/Bab_9_Fisika_X
Î“Ă¶ÂŁ Î“ĂąĂŻ /Buku_X/Geografi_X
Î“Ă¶ÂŁ Î“ĂąĂŻ /Buku_X/Geografi_X/Bab_1_Geografi_X
Î“Ă¶ÂŁ Î“ĂąĂŻ /Buku_X/Geografi_X/Bab_2_Geografi_X
Î“Ă¶ÂŁ Î“ĂąĂŻ /Buku_X/Geografi_X/Bab_3_Geografi_X
Î“Ă¶ÂŁ Î“ĂąĂŻ /Buku_X/Geografi_X/Bab_4_Geografi_X
Î“Ă¶ÂŁ Î“ĂąĂŻ /Buku_X/Geografi_X/Bab_5_Geografi_X
Î“Ă¶ÂŁ Î“ĂąĂŻ /Buku_X/Geografi_X/Bab_6_Geografi_X
Î“Ă¶ÂŁ Î“ĂąĂŻ /Buku_X/Geografi_X/Bab_7_Geografi_X
Î“Ă¶ÂŁ Î“ĂąĂŻ /Buku_X/Kimia_X
Î“Ă¶ÂŁ Î“ĂąĂŻ /Buku_X/Kimia_X/Bab_1_Kimia_X
Î“Ă¶ÂŁ Î“ĂąĂŻ /Buku_X/Kimia_X/Bab_2_Kimia_X
Î“Ă¶ÂŁ Î“ĂąĂŻ /Buku_X/Kimia_X/Bab_3_Kimia_X
Î“Ă¶ÂŁ Î“ĂąĂŻ /Buku_X/Kimia_X/Bab_4_Kimia_X
Î“Ă¶ÂŁ Î“ĂąĂŻ /Buku_X/Kimia_X/Bab_5_Kimia_X
Î“Ă¶ÂŁ Î“ĂąĂŻ /Buku_X/Kimia_X/Bab_6_Kimia_X
Î“Ă¶ÂŁ Î“ĂąĂŻ /Buku_X/Matematika_X
Î“Ă¶ÂŁ Î“ĂąĂŻ /Buku_X/Matematika_X/Bab_1_Matematika_X
Î“Ă¶ÂŁ Î“ĂąĂŻ /Buku_X/Matematika_X/Bab_2_Matematika_X
Î“Ă¶ÂŁ Î“ĂąĂŻ /Buku_X/Matematika_X/Bab_3_Matematika_X
Î“Ă¶ÂŁ Î“ĂąĂŻ /Buku_X/Matematika_X/Bab_4_Matematika_X
Î“Ă¶ÂŁ Î“ĂąĂŻ /Buku_X/Matematika_X/Bab_5_Matematika_X
Î“Ă¶ÂŁ Î“ĂąĂŻ /Buku_X/Matematika_X/Bab_6_Matematika_X
Î“Ă¶ÂŁ Î“ĂąĂŻ /Buku_X/Sejarah_X
Î“Ă¶ÂŁ Î“ĂąĂŻ /Buku_X/Sejarah_X/Bab_1_Sejarah_X
Î“Ă¶ÂŁ Î“ĂąĂŻ /Buku_X/Sejarah_X/Bab_2_Sejarah_X
Î“Ă¶ÂŁ Î“ĂąĂŻ /Buku_X/Sejarah_X/Bab_3_Sejarah_X
Î“Ă¶ÂŁ Î“ĂąĂŻ /Buku_X/Sejarah_X/Bab_4_Sejarah_X
Î“Ă¶ÂŁ Î“ĂąĂŻ /Buku_XI/BahasaIndonesia_XI
Î“Ă¶ÂŁ Î“ĂąĂŻ /Buku_XI/BahasaIndonesia_XI/Bab_1_Bahasa_Indonesia_XI
Î“Ă¶ÂŁ Î“ĂąĂŻ /Buku_XI/BahasaIndonesia_XI/Bab_2_Bahasa_Indonesia_XI
Î“Ă¶ÂŁ Î“ĂąĂŻ /Buku_XI/BahasaIndonesia_XI/Bab_3_Bahasa_Indonesia_XI
Î“Ă¶ÂŁ Î“ĂąĂŻ /Buku_XI/BahasaIndonesia_XI/Bab_4_Bahasa_Indonesia_XI
Î“Ă¶ÂŁ Î“ĂąĂŻ /Buku_XI/BahasaIndonesia_XI/Bab_5_Bahasa_Indonesia_XI
Î“Ă¶ÂŁ Î“ĂąĂŻ /Buku_XI/BahasaIndonesia_XI/Bab_6_Bahasa_Indonesia_XI
Î“Ă¶ÂŁ Î“ĂąĂŻ /Buku_XI/BahasaIndonesia_XI/Bab_7_Bahasa_Indonesia_XI
Î“Ă¶ÂŁ Î“ĂąĂŻ /Buku_XI/BahasaIndonesia_XI/Bab_8_Bahasa_Indonesia_XI
Î“Ă¶ÂŁ Î“ĂąĂŻ /Buku_XI/BahasaIndonesia_XI/Bab_9_Bahasa_Indonesia_XI
Î“Ă¶ÂŁ Î“ĂąĂŻ /Buku_XI/Ekonomi_XI
Î“Ă¶ÂŁ Î“ĂąĂŻ /Buku_XI/Ekonomi_XI/Bab_1_Ekonomi_XI
Î“Ă¶ÂŁ Î“ĂąĂŻ /Buku_XI/Ekonomi_XI/Bab_2_Ekonomi_XI
Î“Ă¶ÂŁ Î“ĂąĂŻ /Buku_XI/Ekonomi_XI/Bab_3_Ekonomi_XI
Î“Ă¶ÂŁ Î“ĂąĂŻ /Buku_XI/Ekonomi_XI/Bab_4_Ekonomi_XI
Î“Ă¶ÂŁ Î“ĂąĂŻ /Buku_XI/Ekonomi_XI/Bab_5_Ekonomi_XI
Î“Ă¶ÂŁ Î“ĂąĂŻ /Buku_XI/Ekonomi_XI/Bab_6_Ekonomi_XI
Î“Ă¶ÂŁ Î“ĂąĂŻ /Buku_XI/Ekonomi_XI/Bab_7_Ekonomi_XI
Î“Ă¶ÂŁ Î“ĂąĂŻ /Buku_XI/Ekonomi_XI/Bab_8_Ekonomi_XI
Î“Ă¶ÂŁ Î“ĂąĂŻ /Buku_XI/Ekonomi_XI/Bab_9_Ekonomi_XI
Î“Ă¶ÂŁ Î“ĂąĂŻ /Buku_XI/Fisika_XI
Î“Ă¶ÂŁ Î“ĂąĂŻ /Buku_XI/Fisika_XI/Bab_1_Fisika_XI
Î“Ă¶ÂŁ Î“ĂąĂŻ /Buku_XI/Fisika_XI/Bab_2_Fisika_XI
Î“Ă¶ÂŁ Î“ĂąĂŻ /Buku_XI/Fisika_XI/Bab_3_Fisika_XI
Î“Ă¶ÂŁ Î“ĂąĂŻ /Buku_XI/Fisika_XI/Bab_4_Fisika_XI
Î“Ă¶ÂŁ Î“ĂąĂŻ /Buku_XI/Fisika_XI/Bab_5_Fisika_XI
Î“Ă¶ÂŁ Î“ĂąĂŻ /Buku_XI/Fisika_XI/Bab_6_Fisika_XI
Î“Ă¶ÂŁ Î“ĂąĂŻ /Buku_XI/Fisika_XI/Bab_7_Fisika_XI
Î“Ă¶ÂŁ Î“ĂąĂŻ /Buku_XI/Fisika_XI/Bab_8_Fisika_XI
Î“Ă¶ÂŁ Î“ĂąĂŻ /Buku_XI/Fisika_XI/Bab_9_Fisika_XI
Î“Ă¶ÂŁ Î“ĂąĂŻ /Buku_XI/Geografi_XI
Î“Ă¶ÂŁ Î“ĂąĂŻ /Buku_XI/Geografi_XI/Bab_1_Geografi_XI
Î“Ă¶ÂŁ Î“ĂąĂŻ /Buku_XI/Geografi_XI/Bab_2_Geografi_XI
Î“Ă¶ÂŁ Î“ĂąĂŻ /Buku_XI/Geografi_XI/Bab_3_Geografi_XI
Î“Ă¶ÂŁ Î“ĂąĂŻ /Buku_XI/Geografi_XI/Bab_4_Geografi_XI
Î“Ă¶ÂŁ Î“ĂąĂŻ /Buku_XI/Geografi_XI/Bab_5_Geografi_XI
Î“Ă¶ÂŁ Î“ĂąĂŻ /Buku_XI/Geografi_XI/Bab_6_Geografi_XI
Î“Ă¶ÂŁ Î“ĂąĂŻ /Buku_XI/Geografi_XI/Bab_7_Geografi_XI
Î“Ă¶ÂŁ Î“ĂąĂŻ /Buku_XI/Kimia_XI
Î“Ă¶ÂŁ Î“ĂąĂŻ /Buku_XI/Kimia_XI/Bab_1_Kimia_XI
Î“Ă¶ÂŁ Î“ĂąĂŻ /Buku_XI/Kimia_XI/Bab_2_Kimia_XI
Î“Ă¶ÂŁ Î“ĂąĂŻ /Buku_XI/Kimia_XI/Bab_3_Kimia_XI
Î“Ă¶ÂŁ Î“ĂąĂŻ /Buku_XI/Kimia_XI/Bab_4_Kimia_XI
Î“Ă¶ÂŁ Î“ĂąĂŻ /Buku_XI/Kimia_XI/Bab_5_Kimia_XI
Î“Ă¶ÂŁ Î“ĂąĂŻ /Buku_XI/Kimia_XI/Bab_6_Kimia_XI
Î“Ă¶ÂŁ Î“ĂąĂŻ /Buku_XI/Matematika_XI
Î“Ă¶ÂŁ Î“ĂąĂŻ /Buku_XI/Matematika_XI/Bab_1_Matematika_XI
Î“Ă¶ÂŁ Î“ĂąĂŻ /Buku_XI/Matematika_XI/Bab_2_Matematika_XI
Î“Ă¶ÂŁ Î“ĂąĂŻ /Buku_XI/Matematika_XI/Bab_3_Matematika_XI
Î“Ă¶ÂŁ Î“ĂąĂŻ /Buku_XI/Matematika_XI/Bab_4_Matematika_XI
Î“Ă¶ÂŁ Î“ĂąĂŻ /Buku_XI/Matematika_XI/Bab_5_Matematika_XI
Î“Ă¶ÂŁ Î“ĂąĂŻ /Buku_XI/Matematika_XI/Bab_6_Matematika_XI
Î“Ă¶ÂŁ Î“ĂąĂŻ /Buku_XI/Pancasila_XI
Î“Ă¶ÂŁ Î“ĂąĂŻ /Buku_XI/Pancasila_XI/Bab_1_Pancasila_XI
Î“Ă¶ÂŁ Î“ĂąĂŻ /Buku_XI/Pancasila_XI/Bab_2_Pancasila_XI
Î“Ă¶ÂŁ Î“ĂąĂŻ /Buku_XI/Pancasila_XI/Bab_3_Pancasila_XI
Î“Ă¶ÂŁ Î“ĂąĂŻ /Buku_XI/Pancasila_XI/Bab_4_Pancasila_XI
Î“Ă¶ÂŁ Î“ĂąĂŻ /Buku_XI/Sejarah_XI
Î“Ă¶ÂŁ Î“ĂąĂŻ /Buku_XI/Sejarah_XI/Bab_1_Sejarah_XI
Î“Ă¶ÂŁ Î“ĂąĂŻ /Buku_XI/Sejarah_XI/Bab_2_Sejarah_XI
Î“Ă¶ÂŁ Î“ĂąĂŻ /Buku_XI/Sejarah_XI/Bab_3_Sejarah_XI
Î“Ă¶ÂŁ Î“ĂąĂŻ /Buku_XI/Sejarah_XI/Bab_4_Sejarah_XI
Î“Ă¶ÂŁ Î“ĂąĂŻ /Buku_XII/Agama_XII
Î“Ă¶ÂŁ Î“ĂąĂŻ /Buku_XII/Agama_XII/Bab_1_Agama_XII
Î“Ă¶ÂŁ Î“ĂąĂŻ /Buku_XII/Agama_XII/Bab_2_Agama_XII
Î“Ă¶ÂŁ Î“ĂąĂŻ /Buku_XII/Agama_XII/Bab_3_Agama_XII
Î“Ă¶ÂŁ Î“ĂąĂŻ /Buku_XII/Agama_XII/Bab_4_Agama_XII
Î“Ă¶ÂŁ Î“ĂąĂŻ /Buku_XII/Agama_XII/Bab_5_Agama_XII
Î“Ă¶ÂŁ Î“ĂąĂŻ /Buku_XII/Agama_XII/Bab_6_Agama_XII
Î“Ă¶ÂŁ Î“ĂąĂŻ /Buku_XII/Agama_XII/Bab_7_Agama_XII
Î“Ă¶ÂŁ Î“ĂąĂŻ /Buku_XII/Agama_XII/Bab_8_Agama_XII
Î“Ă¶ÂŁ Î“ĂąĂŻ /Buku_XII/Agama_XII/Bab_9_Agama_XII
Î“Ă¶ÂŁ Î“ĂąĂŻ /Buku_XII/BahasaIndonesia_XII
Î“Ă¶ÂŁ Î“ĂąĂŻ /Buku_XII/BahasaIndonesia_XII/Bab_1_Bahasa_Indonesia_XII
Î“Ă¶ÂŁ Î“ĂąĂŻ /Buku_XII/BahasaIndonesia_XII/Bab_2_Bahasa_Indonesia_XII
Î“Ă¶ÂŁ Î“ĂąĂŻ /Buku_XII/BahasaIndonesia_XII/Bab_3_Bahasa_Indonesia_XII
Î“Ă¶ÂŁ Î“ĂąĂŻ /Buku_XII/BahasaIndonesia_XII/Bab_4_Bahasa_Indonesia_XII
Î“Ă¶ÂŁ Î“ĂąĂŻ /Buku_XII/BahasaIndonesia_XII/Bab_5_Bahasa_Indonesia_XII
Î“Ă¶ÂŁ Î“ĂąĂŻ /Buku_XII/BahasaIndonesia_XII/Bab_6_Bahasa_Indonesia_XII
Î“Ă¶ÂŁ Î“ĂąĂŻ /Buku_XII/BahasaIndonesia_XII/Bab_7_Bahasa_Indonesia_XII
Î“Ă¶ÂŁ Î“ĂąĂŻ /Buku_XII/BahasaIndonesia_XII/Bab_8_Bahasa_Indonesia_XII
Î“Ă¶ÂŁ Î“ĂąĂŻ /Buku_XII/BahasaIndonesia_XII/Bab_9_Bahasa_Indonesia_XII
Î“Ă¶ÂŁ Î“ĂąĂŻ /Buku_XII/Ekonomi_XII
Î“Ă¶ÂŁ Î“ĂąĂŻ /Buku_XII/Ekonomi_XII/Bab_1_Ekonomi_XII
Î“Ă¶ÂŁ Î“ĂąĂŻ /Buku_XII/Ekonomi_XII/Bab_2_Ekonomi_XII
Î“Ă¶ÂŁ Î“ĂąĂŻ /Buku_XII/Ekonomi_XII/Bab_3_Ekonomi_XII
Î“Ă¶ÂŁ Î“ĂąĂŻ /Buku_XII/Ekonomi_XII/Bab_4_Ekonomi_XII
Î“Ă¶ÂŁ Î“ĂąĂŻ /Buku_XII/Ekonomi_XII/Bab_5_Ekonomi_XII
Î“Ă¶ÂŁ Î“ĂąĂŻ /Buku_XII/Ekonomi_XII/Bab_6_Ekonomi_XII
Î“Ă¶ÂŁ Î“ĂąĂŻ /Buku_XII/Ekonomi_XII/Bab_7_Ekonomi_XII
Î“Ă¶ÂŁ Î“ĂąĂŻ /Buku_XII/Ekonomi_XII/Bab_8_Ekonomi_XII
Î“Ă¶ÂŁ Î“ĂąĂŻ /Buku_XII/Ekonomi_XII/Bab_9_Ekonomi_XII
Î“Ă¶ÂŁ Î“ĂąĂŻ /Buku_XII/Fisika_XII
Î“Ă¶ÂŁ Î“ĂąĂŻ /Buku_XII/Fisika_XII/Bab_1_Fisika_XII
Î“Ă¶ÂŁ Î“ĂąĂŻ /Buku_XII/Fisika_XII/Bab_2_Fisika_XII
Î“Ă¶ÂŁ Î“ĂąĂŻ /Buku_XII/Fisika_XII/Bab_3_Fisika_XII
Î“Ă¶ÂŁ Î“ĂąĂŻ /Buku_XII/Fisika_XII/Bab_4_Fisika_XII
Î“Ă¶ÂŁ Î“ĂąĂŻ /Buku_XII/Fisika_XII/Bab_5_Fisika_XII
Î“Ă¶ÂŁ Î“ĂąĂŻ /Buku_XII/Fisika_XII/Bab_6_Fisika_XII
Î“Ă¶ÂŁ Î“ĂąĂŻ /Buku_XII/Fisika_XII/Bab_7_Fisika_XII
Î“Ă¶ÂŁ Î“ĂąĂŻ /Buku_XII/Fisika_XII/Bab_8_Fisika_XII
Î“Ă¶ÂŁ Î“ĂąĂŻ /Buku_XII/Fisika_XII/Bab_9_Fisika_XII
Î“Ă¶ÂŁ Î“ĂąĂŻ /Buku_XII/Geografi_XII
Î“Ă¶ÂŁ Î“ĂąĂŻ /Buku_XII/Geografi_XII/Bab_1_Geografi_XII
Î“Ă¶ÂŁ Î“ĂąĂŻ /Buku_XII/Geografi_XII/Bab_2_Geografi_XII
Î“Ă¶ÂŁ Î“ĂąĂŻ /Buku_XII/Geografi_XII/Bab_3_Geografi_XII
Î“Ă¶ÂŁ Î“ĂąĂŻ /Buku_XII/Geografi_XII/Bab_4_Geografi_XII
Î“Ă¶ÂŁ Î“ĂąĂŻ /Buku_XII/Geografi_XII/Bab_5_Geografi_XII
Î“Ă¶ÂŁ Î“ĂąĂŻ /Buku_XII/Geografi_XII/Bab_6_Geografi_XII
Î“Ă¶ÂŁ Î“ĂąĂŻ /Buku_XII/Geografi_XII/Bab_7_Geografi_XII
Î“Ă¶ÂŁ Î“ĂąĂŻ /Buku_XII/Kimia_XII
Î“Ă¶ÂŁ Î“ĂąĂŻ /Buku_XII/Kimia_XII/Bab_1_Kimia_XII
Î“Ă¶ÂŁ Î“ĂąĂŻ /Buku_XII/Kimia_XII/Bab_2_Kimia_XII
Î“Ă¶ÂŁ Î“ĂąĂŻ /Buku_XII/Kimia_XII/Bab_3_Kimia_XII
Î“Ă¶ÂŁ Î“ĂąĂŻ /Buku_XII/Kimia_XII/Bab_4_Kimia_XII
Î“Ă¶ÂŁ Î“ĂąĂŻ /Buku_XII/Kimia_XII/Bab_5_Kimia_XII
Î“Ă¶ÂŁ Î“ĂąĂŻ /Buku_XII/Kimia_XII/Bab_6_Kimia_XII
Î“Ă¶ÂŁ Î“ĂąĂŻ /Buku_XII/Matematika_XII
Î“Ă¶ÂŁ Î“ĂąĂŻ /Buku_XII/Matematika_XII/Bab_1_Matematika_XII
Î“Ă¶ÂŁ Î“ĂąĂŻ /Buku_XII/Matematika_XII/Bab_2_Matematika_XII
Î“Ă¶ÂŁ Î“ĂąĂŻ /Buku_XII/Matematika_XII/Bab_3_Matematika_XII
Î“Ă¶ÂŁ Î“ĂąĂŻ /Buku_XII/Matematika_XII/Bab_4_Matematika_XII
Î“Ă¶ÂŁ Î“ĂąĂŻ /Buku_XII/Matematika_XII/Bab_5_Matematika_XII
Î“Ă¶ÂŁ Î“ĂąĂŻ /Buku_XII/Matematika_XII/Bab_6_Matematika_XII
Î“Ă¶ÂŁ Î“ĂąĂŻ /Buku_XII/Pancasila_XII
Î“Ă¶ÂŁ Î“ĂąĂŻ /Buku_XII/Pancasila_XII/Bab_1_Pancasila_XII
Î“Ă¶ÂŁ Î“ĂąĂŻ /Buku_XII/Pancasila_XII/Bab_2_Pancasila_XII
Î“Ă¶ÂŁ Î“ĂąĂŻ /Buku_XII/Pancasila_XII/Bab_3_Pancasila_XII
Î“Ă¶ÂŁ Î“ĂąĂŻ /Buku_XII/Pancasila_XII/Bab_4_Pancasila_XII
Î“Ă¶ÂŁ Î“ĂąĂŻ /Buku_XII/Sejarah_XII
Î“Ă¶ÂŁ Î“ĂąĂŻ /Buku_XII/Sejarah_XII/Bab_1_Sejarah_XII
Î“Ă¶ÂŁ Î“ĂąĂŻ /Buku_XII/Sejarah_XII/Bab_2_Sejarah_XII
Î“Ă¶ÂŁ Î“ĂąĂŻ /Buku_XII/Sejarah_XII/Bab_3_Sejarah_XII
Î“Ă¶ÂŁ Î“ĂąĂŻ /Buku_XII/Sejarah_XII/Bab_4_Sejarah_XII
Î“Ă¶ÂŁ Î“ĂąĂŻ /change-password
Î“Ă¶ÂŁ Î“ĂąĂŻ /change-password-admin
Î“Ă¶ÂŁ Î“ĂąĂŻ /change-password-guru
Î“Ă¶ÂŁ Î“ĂąĂŻ /change-password-perpus
Î“Ă¶ÂŁ Î“ĂąĂŻ /flipbook
Î“Ă¶ÂŁ Î“ĂąĂŻ /forgot-password
Î“Ă¶ÂŁ Î“ĂąĂŻ /guru_lainnya
Î“Ă¶ÂŁ Î“ĂąĂŻ /guru_lainnya/Buku_NA
Î“Ă¶ÂŁ Î“ĂąĂŻ /guru_lainnya/Chemistry_Lainnya
Î“Ă¶ÂŁ Î“ĂąĂŻ /guru_lainnya/History_Math_Lainnya
Î“Ă¶ÂŁ Î“ĂąĂŻ /guru_lainnya/History_Math2_Lainnya
Î“Ă¶ÂŁ Î“ĂąĂŻ /guru_lainnya/History_Math3_Lainnya
Î“Ă¶ÂŁ Î“ĂąĂŻ /guru_lainnya/Organic_Chemistry_Lainnya
Î“Ă¶ÂŁ Î“ĂąĂŻ /guru_lainnya/Physics_Enginner_Lainnya
Î“Ă¶ÂŁ Î“ĂąĂŻ /homepage
Î“Ă¶ÂŁ Î“ĂąĂŻ /homepage_guru
Î“Ă¶ÂŁ Î“ĂąĂŻ /homepage_guru/Buku
Î“Ă¶ÂŁ Î“ĂąĂŻ /homepage_guru/Buku_X_Guru/BahasaIndonesia_X_Guru
Î“Ă¶ÂŁ Î“ĂąĂŻ /homepage_guru/Buku_X_Guru/BahasaIndonesia_X_Guru/Bab_1_Bahasa_Indonesia_X_Guru
Î“Ă¶ÂŁ Î“ĂąĂŻ /homepage_guru/Buku_X_Guru/BahasaIndonesia_X_Guru/Bab_2_Bahasa_Indonesia_X_Guru
Î“Ă¶ÂŁ Î“ĂąĂŻ /homepage_guru/Buku_X_Guru/BahasaIndonesia_X_Guru/Bab_3_Bahasa_Indonesia_X_Guru
Î“Ă¶ÂŁ Î“ĂąĂŻ /homepage_guru/Buku_X_Guru/BahasaIndonesia_X_Guru/Bab_4_Bahasa_Indonesia_X_Guru
Î“Ă¶ÂŁ Î“ĂąĂŻ /homepage_guru/Buku_X_Guru/BahasaIndonesia_X_Guru/Bab_5_Bahasa_Indonesia_X_Guru
Î“Ă¶ÂŁ Î“ĂąĂŻ /homepage_guru/Buku_X_Guru/BahasaIndonesia_X_Guru/Bab_6_Bahasa_Indonesia_X_Guru
Î“Ă¶ÂŁ Î“ĂąĂŻ /homepage_guru/Buku_X_Guru/BahasaIndonesia_X_Guru/Bab_7_Bahasa_Indonesia_X_Guru
Î“Ă¶ÂŁ Î“ĂąĂŻ /homepage_guru/Buku_X_Guru/BahasaIndonesia_X_Guru/Bab_8_Bahasa_Indonesia_X_Guru
Î“Ă¶ÂŁ Î“ĂąĂŻ /homepage_guru/Buku_X_Guru/BahasaIndonesia_X_Guru/Bab_9_Bahasa_Indonesia_X_Guru
Î“Ă¶ÂŁ Î“ĂąĂŻ /homepage_guru/Buku_X_Guru/Ekonomi_X_Guru
Î“Ă¶ÂŁ Î“ĂąĂŻ /homepage_guru/Buku_X_Guru/Ekonomi_X_Guru/Bab_1_Ekonomi_X_Guru
Î“Ă¶ÂŁ Î“ĂąĂŻ /homepage_guru/Buku_X_Guru/Ekonomi_X_Guru/Bab_2_Ekonomi_X_Guru
Î“Ă¶ÂŁ Î“ĂąĂŻ /homepage_guru/Buku_X_Guru/Ekonomi_X_Guru/Bab_3_Ekonomi_X_Guru
Î“Ă¶ÂŁ Î“ĂąĂŻ /homepage_guru/Buku_X_Guru/Ekonomi_X_Guru/Bab_4_Ekonomi_X_Guru
Î“Ă¶ÂŁ Î“ĂąĂŻ /homepage_guru/Buku_X_Guru/Ekonomi_X_Guru/Bab_5_Ekonomi_X_Guru
Î“Ă¶ÂŁ Î“ĂąĂŻ /homepage_guru/Buku_X_Guru/Ekonomi_X_Guru/Bab_6_Ekonomi_X_Guru
Î“Ă¶ÂŁ Î“ĂąĂŻ /homepage_guru/Buku_X_Guru/Ekonomi_X_Guru/Bab_7_Ekonomi_X_Guru
Î“Ă¶ÂŁ Î“ĂąĂŻ /homepage_guru/Buku_X_Guru/Ekonomi_X_Guru/Bab_8_Ekonomi_X_Guru
Î“Ă¶ÂŁ Î“ĂąĂŻ /homepage_guru/Buku_X_Guru/Ekonomi_X_Guru/Bab_9_Ekonomi_X_Guru
Î“Ă¶ÂŁ Î“ĂąĂŻ /homepage_guru/Buku_X_Guru/Fisika_X_Guru
Î“Ă¶ÂŁ Î“ĂąĂŻ /homepage_guru/Buku_X_Guru/Fisika_X_Guru/Bab_1_Fisika_X_Guru
Î“Ă¶ÂŁ Î“ĂąĂŻ /homepage_guru/Buku_X_Guru/Fisika_X_Guru/Bab_2_Fisika_X_Guru
Î“Ă¶ÂŁ Î“ĂąĂŻ /homepage_guru/Buku_X_Guru/Fisika_X_Guru/Bab_3_Fisika_X_Guru
Î“Ă¶ÂŁ Î“ĂąĂŻ /homepage_guru/Buku_X_Guru/Fisika_X_Guru/Bab_4_Fisika_X_Guru
Î“Ă¶ÂŁ Î“ĂąĂŻ /homepage_guru/Buku_X_Guru/Fisika_X_Guru/Bab_5_Fisika_X_Guru
Î“Ă¶ÂŁ Î“ĂąĂŻ /homepage_guru/Buku_X_Guru/Fisika_X_Guru/Bab_6_Fisika_X_Guru
Î“Ă¶ÂŁ Î“ĂąĂŻ /homepage_guru/Buku_X_Guru/Fisika_X_Guru/Bab_7_Fisika_X_Guru
Î“Ă¶ÂŁ Î“ĂąĂŻ /homepage_guru/Buku_X_Guru/Fisika_X_Guru/Bab_8_Fisika_X_Guru
Î“Ă¶ÂŁ Î“ĂąĂŻ /homepage_guru/Buku_X_Guru/Fisika_X_Guru/Bab_9_Fisika_X
Î“Ă¶ÂŁ Î“ĂąĂŻ /homepage_guru/Buku_X_Guru/Geografi_X_Guru
Î“Ă¶ÂŁ Î“ĂąĂŻ /homepage_guru/Buku_X_Guru/Geografi_X_Guru/Bab_1_Geografi_X_Guru
Î“Ă¶ÂŁ Î“ĂąĂŻ /homepage_guru/Buku_X_Guru/Geografi_X_Guru/Bab_2_Geografi_X_Guru
Î“Ă¶ÂŁ Î“ĂąĂŻ /homepage_guru/Buku_X_Guru/Geografi_X_Guru/Bab_3_Geografi_X_Guru
Î“Ă¶ÂŁ Î“ĂąĂŻ /homepage_guru/Buku_X_Guru/Geografi_X_Guru/Bab_4_Geografi_X_Guru
Î“Ă¶ÂŁ Î“ĂąĂŻ /homepage_guru/Buku_X_Guru/Geografi_X_Guru/Bab_5_Geografi_X_Guru
Î“Ă¶ÂŁ Î“ĂąĂŻ /homepage_guru/Buku_X_Guru/Geografi_X_Guru/Bab_6_Geografi_X_Guru
Î“Ă¶ÂŁ Î“ĂąĂŻ /homepage_guru/Buku_X_Guru/Geografi_X_Guru/Bab_7_Geografi_X
Î“Ă¶ÂŁ Î“ĂąĂŻ /homepage_guru/Buku_X_Guru/Kimia_X_Guru
Î“Ă¶ÂŁ Î“ĂąĂŻ /homepage_guru/Buku_X_Guru/Kimia_X_Guru/Bab_1_Kimia_X_Guru
Î“Ă¶ÂŁ Î“ĂąĂŻ /homepage_guru/Buku_X_Guru/Kimia_X_Guru/Bab_2_Kimia_X_Guru
Î“Ă¶ÂŁ Î“ĂąĂŻ /homepage_guru/Buku_X_Guru/Kimia_X_Guru/Bab_3_Kimia_X_Guru
Î“Ă¶ÂŁ Î“ĂąĂŻ /homepage_guru/Buku_X_Guru/Kimia_X_Guru/Bab_4_Kimia_X_Guru
Î“Ă¶ÂŁ Î“ĂąĂŻ /homepage_guru/Buku_X_Guru/Kimia_X_Guru/Bab_5_Kimia_X_Guru
Î“Ă¶ÂŁ Î“ĂąĂŻ /homepage_guru/Buku_X_Guru/Kimia_X_Guru/Bab_6_Kimia_X
Î“Ă¶ÂŁ Î“ĂąĂŻ /homepage_guru/Buku_X_Guru/Matematika_X_Guru
Î“Ă¶ÂŁ Î“ĂąĂŻ /homepage_guru/Buku_X_Guru/Matematika_X_Guru/Bab_1_Matematika_X_Guru
Î“Ă¶ÂŁ Î“ĂąĂŻ /homepage_guru/Buku_X_Guru/Matematika_X_Guru/Bab_2_Matematika_X_Guru
Î“Ă¶ÂŁ Î“ĂąĂŻ /homepage_guru/Buku_X_Guru/Matematika_X_Guru/Bab_3_Matematika_X_Guru
Î“Ă¶ÂŁ Î“ĂąĂŻ /homepage_guru/Buku_X_Guru/Matematika_X_Guru/Bab_4_Matematika_X_Guru
Î“Ă¶ÂŁ Î“ĂąĂŻ /homepage_guru/Buku_X_Guru/Matematika_X_Guru/Bab_5_Matematika_X_Guru
Î“Ă¶ÂŁ Î“ĂąĂŻ /homepage_guru/Buku_X_Guru/Matematika_X_Guru/Bab_6_Matematika_X
Î“Ă¶ÂŁ Î“ĂąĂŻ /homepage_guru/Buku_X_Guru/Sejarah_X_Guru
Î“Ă¶ÂŁ Î“ĂąĂŻ /homepage_guru/Buku_X_Guru/Sejarah_X_Guru/Bab_1_Sejarah_X_Guru
Î“Ă¶ÂŁ Î“ĂąĂŻ /homepage_guru/Buku_X_Guru/Sejarah_X_Guru/Bab_2_Sejarah_X_Guru
Î“Ă¶ÂŁ Î“ĂąĂŻ /homepage_guru/Buku_X_Guru/Sejarah_X_Guru/Bab_3_Sejarah_X_Guru
Î“Ă¶ÂŁ Î“ĂąĂŻ /homepage_guru/Buku_X_Guru/Sejarah_X_Guru/Bab_4_Sejarah_X_Guru
Î“Ă¶ÂŁ Î“ĂąĂŻ /homepage_guru/Buku_XI_Guru/Pancasila_XI_Guru
Î“Ă¶ÂŁ Î“ĂąĂŻ /homepage_guru/Buku_XI_Guru/Pancasila_XI_Guru/Bab_1_Pancasila_XI_Guru
Î“Ă¶ÂŁ Î“ĂąĂŻ /homepage_guru/Buku_XI_Guru/Pancasila_XI_Guru/Bab_2_Pancasila_XI_Guru
Î“Ă¶ÂŁ Î“ĂąĂŻ /homepage_guru/Buku_XI_Guru/Pancasila_XI_Guru/Bab_3_Pancasila_XI_Guru
Î“Ă¶ÂŁ Î“ĂąĂŻ /homepage_guru/Buku_XI_Guru/Pancasila_XI_Guru/Bab_4_Pancasila_XI_Guru
Î“Ă¶ÂŁ Î“ĂąĂŻ /homepage_guru/Buku_XII_Guru/Agama_XII_Guru
Î“Ă¶ÂŁ Î“ĂąĂŻ /homepage_guru/Buku_XII_Guru/Agama_XII_Guru/Bab_1_Agama_XII_Guru
Î“Ă¶ÂŁ Î“ĂąĂŻ /homepage_guru/Buku_XII_Guru/Agama_XII_Guru/Bab_2_Agama_XII_Guru
Î“Ă¶ÂŁ Î“ĂąĂŻ /homepage_guru/Buku_XII_Guru/Agama_XII_Guru/Bab_3_Agama_XII_Guru
Î“Ă¶ÂŁ Î“ĂąĂŻ /homepage_guru/Buku_XII_Guru/Agama_XII_Guru/Bab_4_Agama_XII_Guru
Î“Ă¶ÂŁ Î“ĂąĂŻ /homepage_guru/Buku_XII_Guru/Agama_XII_Guru/Bab_5_Agama_XII_Guru
Î“Ă¶ÂŁ Î“ĂąĂŻ /homepage_guru/Buku_XII_Guru/Agama_XII_Guru/Bab_6_Agama_XII_Guru
Î“Ă¶ÂŁ Î“ĂąĂŻ /homepage_guru/Buku_XII_Guru/Agama_XII_Guru/Bab_7_Agama_XII_Guru
Î“Ă¶ÂŁ Î“ĂąĂŻ /homepage_guru/Buku_XII_Guru/Agama_XII_Guru/Bab_8_Agama_XII_Guru
Î“Ă¶ÂŁ Î“ĂąĂŻ /homepage_guru/Buku_XII_Guru/Agama_XII_Guru/Bab_9_Agama_XII_Guru
Î“Ă¶ÂŁ Î“ĂąĂŻ /homepage_guru/KelasGuru/Agama_XII
Î“Ă¶ÂŁ Î“ĂąĂŻ /homepage_guru/KelasGuru/BahasaIndonesia_X
Î“Ă¶ÂŁ Î“ĂąĂŻ /homepage_guru/KelasGuru/Ekonomi_X
Î“Ă¶ÂŁ Î“ĂąĂŻ /homepage_guru/KelasGuru/Fisika_X
Î“Ă¶ÂŁ Î“ĂąĂŻ /homepage_guru/KelasGuru/Geografi_X
Î“Ă¶ÂŁ Î“ĂąĂŻ /homepage_guru/KelasGuru/Kimia_X
Î“Ă¶ÂŁ Î“ĂąĂŻ /homepage_guru/KelasGuru/Matematika_X
Î“Ă¶ÂŁ Î“ĂąĂŻ /homepage_guru/KelasGuru/Pancasila_XI
Î“Ă¶ÂŁ Î“ĂąĂŻ /homepage_guru/KelasGuru/Sejarah_X
Î“Ă¶ÂŁ Î“ĂąĂŻ /kelasI
Î“Ă¶ÂŁ Î“ĂąĂŻ /kelasI_guru
Î“Ă¶ÂŁ Î“ĂąĂŻ /kelasI_guru/Buku
Î“Ă¶ÂŁ Î“ĂąĂŻ /kelasI_perpus
Î“Ă¶ÂŁ Î“ĂąĂŻ /kelasI_perpus/buku1
Î“Ă¶ÂŁ Î“ĂąĂŻ /kelasI_perpus/buku1/Edit_Buku
Î“Ă¶ÂŁ Î“ĂąĂŻ /kelasI/Buku
Î“Ă¶ÂŁ Î“ĂąĂŻ /kelasII
Î“Ă¶ÂŁ Î“ĂąĂŻ /kelasII_guru
Î“Ă¶ÂŁ Î“ĂąĂŻ /kelasII_guru/Buku
Î“Ă¶ÂŁ Î“ĂąĂŻ /kelasII_perpus
Î“Ă¶ÂŁ Î“ĂąĂŻ /kelasII_perpus/buku2
Î“Ă¶ÂŁ Î“ĂąĂŻ /kelasII_perpus/buku2/Edit_Buku
Î“Ă¶ÂŁ Î“ĂąĂŻ /kelasII/Buku
Î“Ă¶ÂŁ Î“ĂąĂŻ /kelasIII
Î“Ă¶ÂŁ Î“ĂąĂŻ /kelasIII_guru
Î“Ă¶ÂŁ Î“ĂąĂŻ /kelasIII_guru/Buku
Î“Ă¶ÂŁ Î“ĂąĂŻ /kelasIII_perpus
Î“Ă¶ÂŁ Î“ĂąĂŻ /kelasIII_perpus/buku3
Î“Ă¶ÂŁ Î“ĂąĂŻ /kelasIII_perpus/buku3/Edit_Buku
Î“Ă¶ÂŁ Î“ĂąĂŻ /kelasIII/Buku
Î“Ă¶ÂŁ Î“ĂąĂŻ /kelasIV
Î“Ă¶ÂŁ Î“ĂąĂŻ /kelasIV_guru
Î“Ă¶ÂŁ Î“ĂąĂŻ /kelasIV_guru/Buku
Î“Ă¶ÂŁ Î“ĂąĂŻ /kelasIV_perpus
Î“Ă¶ÂŁ Î“ĂąĂŻ /kelasIV_perpus/buku4
Î“Ă¶ÂŁ Î“ĂąĂŻ /kelasIV_perpus/buku4/Edit_Buku
Î“Ă¶ÂŁ Î“ĂąĂŻ /kelasIV/Buku
Î“Ă¶ÂŁ Î“ĂąĂŻ /kelasIX
Î“Ă¶ÂŁ Î“ĂąĂŻ /kelasIX_guru
Î“Ă¶ÂŁ Î“ĂąĂŻ /kelasIX_guru/Buku
Î“Ă¶ÂŁ Î“ĂąĂŻ /kelasIX_perpus
Î“Ă¶ÂŁ Î“ĂąĂŻ /kelasIX_perpus/buku9
Î“Ă¶ÂŁ Î“ĂąĂŻ /kelasIX_perpus/buku9/Edit_Buku
Î“Ă¶ÂŁ Î“ĂąĂŻ /kelasIX/Buku
Î“Ă¶ÂŁ Î“ĂąĂŻ /kelasV
Î“Ă¶ÂŁ Î“ĂąĂŻ /kelasV_guru
Î“Ă¶ÂŁ Î“ĂąĂŻ /kelasV_guru/Buku
Î“Ă¶ÂŁ Î“ĂąĂŻ /kelasV_perpus
Î“Ă¶ÂŁ Î“ĂąĂŻ /kelasV_perpus/buku5
Î“Ă¶ÂŁ Î“ĂąĂŻ /kelasV_perpus/buku5/Edit_Buku
Î“Ă¶ÂŁ Î“ĂąĂŻ /kelasV/Buku
Î“Ă¶ÂŁ Î“ĂąĂŻ /kelasVI
Î“Ă¶ÂŁ Î“ĂąĂŻ /kelasVI_guru
Î“Ă¶ÂŁ Î“ĂąĂŻ /kelasVI_guru/Buku
Î“Ă¶ÂŁ Î“ĂąĂŻ /kelasVI_perpus
Î“Ă¶ÂŁ Î“ĂąĂŻ /kelasVI_perpus/buku6
Î“Ă¶ÂŁ Î“ĂąĂŻ /kelasVI_perpus/buku6/Edit_Buku
Î“Ă¶ÂŁ Î“ĂąĂŻ /kelasVI/Buku
Î“Ă¶ÂŁ Î“ĂąĂŻ /kelasVII
Î“Ă¶ÂŁ Î“ĂąĂŻ /kelasVII_guru
Î“Ă¶ÂŁ Î“ĂąĂŻ /kelasVII_guru/Buku
Î“Ă¶ÂŁ Î“ĂąĂŻ /kelasVII_perpus
Î“Ă¶ÂŁ Î“ĂąĂŻ /kelasVII_perpus/buku7
Î“Ă¶ÂŁ Î“ĂąĂŻ /kelasVII_perpus/buku7/Edit_Buku
Î“Ă¶ÂŁ Î“ĂąĂŻ /kelasVII/Buku
Î“Ă¶ÂŁ Î“ĂąĂŻ /kelasVIII
Î“Ă¶ÂŁ Î“ĂąĂŻ /kelasVIII_guru
Î“Ă¶ÂŁ Î“ĂąĂŻ /kelasVIII_guru/Buku
Î“Ă¶ÂŁ Î“ĂąĂŻ /kelasVIII_perpus
Î“Ă¶ÂŁ Î“ĂąĂŻ /kelasVIII_perpus/buku8
Î“Ă¶ÂŁ Î“ĂąĂŻ /kelasVIII_perpus/buku8/Edit_Buku
Î“Ă¶ÂŁ Î“ĂąĂŻ /kelasVIII/Buku
Î“Ă¶ÂŁ Î“ĂąĂŻ /kelasX
Î“Ă¶ÂŁ Î“ĂąĂŻ /kelasX_guru
Î“Ă¶ÂŁ Î“ĂąĂŻ /kelasX_guru/Buku
Î“Ă¶ÂŁ Î“ĂąĂŻ /kelasX_perpus
Î“Ă¶ÂŁ Î“ĂąĂŻ /kelasX_perpus/buku10
Î“Ă¶ÂŁ Î“ĂąĂŻ /kelasX_perpus/buku10/Edit_Buku
Î“Ă¶ÂŁ Î“ĂąĂŻ /kelasX/Buku
Î“Ă¶ÂŁ Î“ĂąĂŻ /kelasXI
Î“Ă¶ÂŁ Î“ĂąĂŻ /kelasXI_guru
Î“Ă¶ÂŁ Î“ĂąĂŻ /kelasXI_guru/Buku
Î“Ă¶ÂŁ Î“ĂąĂŻ /kelasXI_perpus
Î“Ă¶ÂŁ Î“ĂąĂŻ /kelasXI_perpus/buku11
Î“Ă¶ÂŁ Î“ĂąĂŻ /kelasXI_perpus/buku11/Edit_Buku
Î“Ă¶ÂŁ Î“ĂąĂŻ /kelasXI/Buku
Î“Ă¶ÂŁ Î“ĂąĂŻ /kelasXII
Î“Ă¶ÂŁ Î“ĂąĂŻ /kelasXII_guru
Î“Ă¶ÂŁ Î“ĂąĂŻ /kelasXII_guru/Buku
Î“Ă¶ÂŁ Î“ĂąĂŻ /kelasXII_perpus
Î“Ă¶ÂŁ Î“ĂąĂŻ /kelasXII_perpus/buku12
Î“Ă¶ÂŁ Î“ĂąĂŻ /kelasXII_perpus/buku12/Edit_Buku
Î“Ă¶ÂŁ Î“ĂąĂŻ /kelasXII/Buku
Î“Ă¶ÂŁ Î“ĂąĂŻ /lainnya
Î“Ă¶ÂŁ Î“ĂąĂŻ /lainnya/Buku_NA
Î“Ă¶ÂŁ Î“ĂąĂŻ /perpus_lainnya
Î“Ă¶ÂŁ Î“ĂąĂŻ /perpus_lainnya/Buku_NA
Î“Ă¶ÂŁ Î“ĂąĂŻ /perpus_lainnya/Buku_NA/Edit_Buku_NA
Î“Ă¶ÂŁ Î“ĂąĂŻ /perpustakaan
Î“Ă¶ÂŁ Î“ĂąĂŻ /perpustakaan/Buku
Î“Ă¶ÂŁ Î“ĂąĂŻ /perpustakaan/Buku_X_perpus/BahasaIndonesia_X_perpus
Î“Ă¶ÂŁ Î“ĂąĂŻ /perpustakaan/Buku_X_perpus/BahasaIndonesia_X_perpus/Bab_8_Bahasa_Indonesia_X_perpus
Î“Ă¶ÂŁ Î“ĂąĂŻ /perpustakaan/Buku_X_perpus/BahasaIndonesia_X_perpus/Bab_9_Bahasa_Indonesia_X_perpus
Î“Ă¶ÂŁ Î“ĂąĂŻ /perpustakaan/Buku_X_perpus/Ekonomi_X_perpus
Î“Ă¶ÂŁ Î“ĂąĂŻ /perpustakaan/Buku_X_perpus/Fisika_X_perpus
Î“Ă¶ÂŁ Î“ĂąĂŻ /perpustakaan/Buku_X_perpus/Fisika_X_perpus/Bab_1_Fisika_X_perpus
Î“Ă¶ÂŁ Î“ĂąĂŻ /perpustakaan/Buku_X_perpus/Fisika_X_perpus/Bab_2_Fisika_X_perpus
Î“Ă¶ÂŁ Î“ĂąĂŻ /perpustakaan/Buku_X_perpus/Fisika_X_perpus/Bab_3_Fisika_X_perpus
Î“Ă¶ÂŁ Î“ĂąĂŻ /perpustakaan/Buku_X_perpus/Fisika_X_perpus/Bab_4_Fisika_X_perpus
Î“Ă¶ÂŁ Î“ĂąĂŻ /perpustakaan/Buku_X_perpus/Fisika_X_perpus/Bab_5_Fisika_X_perpus
Î“Ă¶ÂŁ Î“ĂąĂŻ /perpustakaan/Buku_X_perpus/Fisika_X_perpus/Bab_6_Fisika_X_perpus
Î“Ă¶ÂŁ Î“ĂąĂŻ /perpustakaan/Buku_X_perpus/Fisika_X_perpus/Bab_7_Fisika_X_perpus
Î“Ă¶ÂŁ Î“ĂąĂŻ /perpustakaan/Buku_X_perpus/Fisika_X_perpus/Bab_8_Fisika_X_perpus
Î“Ă¶ÂŁ Î“ĂąĂŻ /perpustakaan/Buku_X_perpus/Fisika_X_perpus/Bab_9_Fisika_X_perpus
Î“Ă¶ÂŁ Î“ĂąĂŻ /perpustakaan/Buku_X_perpus/Geografi_X_perpus
Î“Ă¶ÂŁ Î“ĂąĂŻ /perpustakaan/Buku_X_perpus/Geografi_X_perpus/Bab_1_Geografi_X_perpus
Î“Ă¶ÂŁ Î“ĂąĂŻ /perpustakaan/Buku_X_perpus/Geografi_X_perpus/Bab_2_Geografi_X_perpus
Î“Ă¶ÂŁ Î“ĂąĂŻ /perpustakaan/Buku_X_perpus/Geografi_X_perpus/Bab_3_Geografi_X_perpus
Î“Ă¶ÂŁ Î“ĂąĂŻ /perpustakaan/Buku_X_perpus/Geografi_X_perpus/Bab_4_Geografi_X_perpus
Î“Ă¶ÂŁ Î“ĂąĂŻ /perpustakaan/Buku_X_perpus/Geografi_X_perpus/Bab_5_Geografi_X_perpus
Î“Ă¶ÂŁ Î“ĂąĂŻ /perpustakaan/Buku_X_perpus/Geografi_X_perpus/Bab_6_Geografi_X_perpus
Î“Ă¶ÂŁ Î“ĂąĂŻ /perpustakaan/Buku_X_perpus/Geografi_X_perpus/Bab_7_Geografi_X_perpus
Î“Ă¶ÂŁ Î“ĂąĂŻ /perpustakaan/Buku_X_perpus/Kimia_X_perpus
Î“Ă¶ÂŁ Î“ĂąĂŻ /perpustakaan/Buku_X_perpus/Kimia_X_perpus/Bab_1_Kimia_X_perpus
Î“Ă¶ÂŁ Î“ĂąĂŻ /perpustakaan/Buku_X_perpus/Kimia_X_perpus/Bab_2_Kimia_X_perpus
Î“Ă¶ÂŁ Î“ĂąĂŻ /perpustakaan/Buku_X_perpus/Kimia_X_perpus/Bab_3_Kimia_X_perpus
Î“Ă¶ÂŁ Î“ĂąĂŻ /perpustakaan/Buku_X_perpus/Kimia_X_perpus/Bab_4_Kimia_X_perpus
Î“Ă¶ÂŁ Î“ĂąĂŻ /perpustakaan/Buku_X_perpus/Kimia_X_perpus/Bab_5_Kimia_X_perpus
Î“Ă¶ÂŁ Î“ĂąĂŻ /perpustakaan/Buku_X_perpus/Kimia_X_perpus/Bab_6_Kimia_X_perpus
Î“Ă¶ÂŁ Î“ĂąĂŻ /perpustakaan/Buku_X_perpus/Matematika_X_perpus
Î“Ă¶ÂŁ Î“ĂąĂŻ /perpustakaan/Buku_X_perpus/Matematika_X_perpus/Bab_1_Matematika_X_perpus
Î“Ă¶ÂŁ Î“ĂąĂŻ /perpustakaan/Buku_X_perpus/Matematika_X_perpus/Bab_2_Matematika_X_perpus
Î“Ă¶ÂŁ Î“ĂąĂŻ /perpustakaan/Buku_X_perpus/Matematika_X_perpus/Bab_3_Matematika_X_perpus
Î“Ă¶ÂŁ Î“ĂąĂŻ /perpustakaan/Buku_X_perpus/Matematika_X_perpus/Bab_4_Matematika_X_perpus
Î“Ă¶ÂŁ Î“ĂąĂŻ /perpustakaan/Buku_X_perpus/Matematika_X_perpus/Bab_5_Matematika_X_perpus
Î“Ă¶ÂŁ Î“ĂąĂŻ /perpustakaan/Buku_X_perpus/Matematika_X_perpus/Bab_6_Matematika_X_perpus
Î“Ă¶ÂŁ Î“ĂąĂŻ /perpustakaan/Buku_X_perpus/Sejarah_X_perpus
Î“Ă¶ÂŁ Î“ĂąĂŻ /perpustakaan/Buku_X_perpus/Sejarah_X_perpus/Bab_1_Sejarah_X_perpus
Î“Ă¶ÂŁ Î“ĂąĂŻ /perpustakaan/Buku_X_perpus/Sejarah_X_perpus/Bab_2_Sejarah_X_perpus
Î“Ă¶ÂŁ Î“ĂąĂŻ /perpustakaan/Buku_X_perpus/Sejarah_X_perpus/Bab_3_Sejarah_X_perpus
Î“Ă¶ÂŁ Î“ĂąĂŻ /perpustakaan/Buku_X_perpus/Sejarah_X_perpus/Bab_4_Sejarah_X_perpus
Î“Ă¶ÂŁ Î“ĂąĂŻ /perpustakaan/Buku_XI_perpus/Pancasila_XI_perpus
Î“Ă¶ÂŁ Î“ĂąĂŻ /perpustakaan/Buku_XII_perpus/Agama_XII_perpus
Î“Ă¶ÂŁ Î“ĂąĂŻ /perpustakaan/Buku/Edit_Buku
Î“Ă¶ÂŁ Î“ĂąĂŻ /perpustakaan/Daftar_Buku
Î“Ă¶ÂŁ Î“ĂąĂŻ /perpustakaan/Daftar_Buku/Buku
Î“Ă¶ÂŁ Î“ĂąĂŻ /perpustakaan/Daftar_Buku/Buku/Edit_Buku
Î“Ă¶ÂŁ Î“ĂąĂŻ /perpustakaan/Edit_Buku/Edit_Agama_XII
Î“Ă¶ÂŁ Î“ĂąĂŻ /perpustakaan/Edit_Buku/Edit_Bahasa_Indonesia_X
Î“Ă¶ÂŁ Î“ĂąĂŻ /perpustakaan/Edit_Buku/Edit_Ekonomi_X
Î“Ă¶ÂŁ Î“ĂąĂŻ /perpustakaan/Edit_Buku/Edit_Fisika_X
Î“Ă¶ÂŁ Î“ĂąĂŻ /perpustakaan/Edit_Buku/Edit_Geografi_X
Î“Ă¶ÂŁ Î“ĂąĂŻ /perpustakaan/Edit_Buku/Edit_Kimia_X
Î“Ă¶ÂŁ Î“ĂąĂŻ /perpustakaan/Edit_Buku/Edit_Matematika_X
Î“Ă¶ÂŁ Î“ĂąĂŻ /perpustakaan/Edit_Buku/Edit_Pancasila_XI
Î“Ă¶ÂŁ Î“ĂąĂŻ /perpustakaan/Edit_Buku/Edit_Sejarah_X
Î“Ă¶ÂŁ Î“ĂąĂŻ /perpustakaan/kunjungan
Î“Ă¶ÂŁ Î“ĂąĂŻ /perpustakaan/kunjungan_buku
Î“Ă¶ÂŁ Î“ĂąĂŻ /perpustakaan/registrasi_request
Î“Ă¶ÂŁ Î“ĂąĂŻ /perpustakaan/search_perpus
Î“Ă¶ÂŁ Î“ĂąĂŻ /perpustakaan/search_perpus/books
Î“Ă¶ÂŁ Î“ĂąĂŻ /perpustakaan/search_perpus/books/Edit_Buku
Î“Ă¶ÂŁ Î“ĂąĂŻ /perpustakaan/Tambah_Buku
Î“Ă¶ÂŁ Î“ĂąĂŻ /profile
Î“Ă¶ÂŁ Î“ĂąĂŻ /profile_admin
Î“Ă¶ÂŁ Î“ĂąĂŻ /profile_guru
Î“Ă¶ÂŁ Î“ĂąĂŻ /profile_perpus
Î“Ă¶ÂŁ Î“ĂąĂŻ /profile_perpus2
Î“Ă¶ÂŁ Î“ĂąĂŻ /profile_perpus3
Î“Ă¶ÂŁ Î“ĂąĂŻ /registrasi
Î“Ă¶ÂŁ Î“ĂąĂŻ /SD
Î“Ă¶ÂŁ Î“ĂąĂŻ /SD_Guru
Î“Ă¶ÂŁ Î“ĂąĂŻ /SD_Perpus
Î“Ă¶ÂŁ Î“ĂąĂŻ /search
Î“Ă¶ÂŁ Î“ĂąĂŻ /search_admin_guru_sd
Î“Ă¶ÂŁ Î“ĂąĂŻ /search_admin_guru_smk
Î“Ă¶ÂŁ Î“ĂąĂŻ /search_admin_guru_smp
Î“Ă¶ÂŁ Î“ĂąĂŻ /search_admin_perpus
Î“Ă¶ÂŁ Î“ĂąĂŻ /search_admin_perpus_guru_sd
Î“Ă¶ÂŁ Î“ĂąĂŻ /search_admin_perpus_guru_smk
Î“Ă¶ÂŁ Î“ĂąĂŻ /search_admin_perpus_guru_smp
Î“Ă¶ÂŁ Î“ĂąĂŻ /search_admin_perpus_siswa_sd
Î“Ă¶ÂŁ Î“ĂąĂŻ /search_admin_perpus_siswa_smk
Î“Ă¶ÂŁ Î“ĂąĂŻ /search_admin_perpus_siswa_smp
Î“Ă¶ÂŁ Î“ĂąĂŻ /search_admin_perpus2
Î“Ă¶ÂŁ Î“ĂąĂŻ /search_admin_siswa_sd
Î“Ă¶ÂŁ Î“ĂąĂŻ /search_admin_siswa_smk
Î“Ă¶ÂŁ Î“ĂąĂŻ /search_admin_siswa_smp
Î“Ă¶ÂŁ Î“ĂąĂŻ /search_guru
Î“Ă¶ÂŁ Î“ĂąĂŻ /search_guru/books
Î“Ă¶ÂŁ Î“ĂąĂŻ /search_perpus
Î“Ă¶ÂŁ Î“ĂąĂŻ /search_perpus/books
Î“Ă¶ÂŁ Î“ĂąĂŻ /search_perpus/books/Edit_Buku
Î“Ă¶ÂŁ Î“ĂąĂŻ /search/books
Î“Ă¶ÂŁ Î“ĂąĂŻ /SMK
Î“Ă¶ÂŁ Î“ĂąĂŻ /SMK_Guru
Î“Ă¶ÂŁ Î“ĂąĂŻ /SMK_Perpus
Î“Ă¶ÂŁ Î“ĂąĂŻ /SMP
Î“Ă¶ÂŁ Î“ĂąĂŻ /SMP_Guru
Î“Ă¶Ă¶ Î“ĂąĂŻ /SMP_Perpus


Î“ĂąĂŻ  (Static)   prerendered as static content
â•žĂ†  (Dynamic)  server-rendered on demand

